[2025-05-29 06:18:56] PhpSpreadsheet installed successfully (precompiled)
[2025-05-29 06:30:20] PhpSpreadsheet loaded from: C:\Users\Lenovo\Local Sites\plnext333\app\public\wp-content\plugins\phpspreadsheet_wp/vendor/autoload.php
[2025-05-29 06:30:30] PhpSpreadsheet loaded from: C:\Users\Lenovo\Local Sites\plnext333\app\public\wp-content\plugins\phpspreadsheet_wp/vendor/autoload.php
[2025-05-29 06:30:45] PhpSpreadsheet loaded from: C:\Users\Lenovo\Local Sites\plnext333\app\public\wp-content\plugins\phpspreadsheet_wp/vendor/autoload.php
[2025-05-29 06:31:12] Downloading PhpSpreadsheet from: https://api.github.com/repos/PHPOffice/PhpSpreadsheet/zipball/4.3.1
[2025-05-29 06:31:12] Download failed with HTTP code: 415
[2025-05-29 06:31:16] PhpSpreadsheet loaded from: C:\Users\Lenovo\Local Sites\plnext333\app\public\wp-content\plugins\phpspreadsheet_wp/vendor/autoload.php
[2025-05-29 09:15:14] PhpSpreadsheet loaded from: C:\Users\Lenovo\Local Sites\plnext333\app\public\wp-content\plugins\phpspreadsheet_wp/vendor/autoload.php
[2025-05-29 09:15:19] PhpSpreadsheet loaded from: C:\Users\Lenovo\Local Sites\plnext333\app\public\wp-content\plugins\phpspreadsheet_wp/vendor/autoload.php
[2025-05-29 09:15:41] PhpSpreadsheet loaded from: C:\Users\Lenovo\Local Sites\plnext333\app\public\wp-content\plugins\phpspreadsheet_wp/vendor/autoload.php
[2025-05-29 09:15:45] PhpSpreadsheet loaded from: C:\Users\Lenovo\Local Sites\plnext333\app\public\wp-content\plugins\phpspreadsheet_wp/vendor/autoload.php
[2025-05-29 11:21:49] PhpSpreadsheet loaded from: C:\Users\Lenovo\Local Sites\plnext333\app\public\wp-content\plugins\phpspreadsheet_wp/vendor/autoload.php
[2025-05-29 11:21:59] PhpSpreadsheet loaded from: C:\Users\Lenovo\Local Sites\plnext333\app\public\wp-content\plugins\phpspreadsheet_wp/vendor/autoload.php
[2025-05-29 11:22:08] PhpSpreadsheet loaded from: C:\Users\Lenovo\Local Sites\plnext333\app\public\wp-content\plugins\phpspreadsheet_wp/vendor/autoload.php
[2025-05-29 11:22:08] PhpSpreadsheet loaded from: C:\Users\Lenovo\Local Sites\plnext333\app\public\wp-content\plugins\phpspreadsheet_wp/vendor/autoload.php
[2025-05-29 11:22:12] PhpSpreadsheet loaded from: C:\Users\Lenovo\Local Sites\plnext333\app\public\wp-content\plugins\phpspreadsheet_wp/vendor/autoload.php
[2025-05-29 11:22:13] PhpSpreadsheet loaded from: C:\Users\Lenovo\Local Sites\plnext333\app\public\wp-content\plugins\phpspreadsheet_wp/vendor/autoload.php
[2025-05-29 11:22:18] PhpSpreadsheet loaded from: C:\Users\Lenovo\Local Sites\plnext333\app\public\wp-content\plugins\phpspreadsheet_wp/vendor/autoload.php
[2025-05-29 11:22:19] PhpSpreadsheet loaded from: C:\Users\Lenovo\Local Sites\plnext333\app\public\wp-content\plugins\phpspreadsheet_wp/vendor/autoload.php
[2025-05-29 11:22:29] PhpSpreadsheet loaded from: C:\Users\Lenovo\Local Sites\plnext333\app\public\wp-content\plugins\phpspreadsheet_wp/vendor/autoload.php
[2025-05-29 11:23:24] PhpSpreadsheet loaded from: C:\Users\Lenovo\Local Sites\plnext333\app\public\wp-content\plugins\phpspreadsheet_wp/vendor/autoload.php
[2025-05-29 11:23:32] PhpSpreadsheet loaded from: C:\Users\Lenovo\Local Sites\plnext333\app\public\wp-content\plugins\phpspreadsheet_wp/vendor/autoload.php
[2025-05-29 11:23:32] PhpSpreadsheet loaded from: C:\Users\Lenovo\Local Sites\plnext333\app\public\wp-content\plugins\phpspreadsheet_wp/vendor/autoload.php
[2025-05-29 11:23:36] PhpSpreadsheet loaded from: C:\Users\Lenovo\Local Sites\plnext333\app\public\wp-content\plugins\phpspreadsheet_wp/vendor/autoload.php
[2025-05-29 11:23:38] PhpSpreadsheet loaded from: C:\Users\Lenovo\Local Sites\plnext333\app\public\wp-content\plugins\phpspreadsheet_wp/vendor/autoload.php
[2025-05-29 11:23:41] PhpSpreadsheet loaded from: C:\Users\Lenovo\Local Sites\plnext333\app\public\wp-content\plugins\phpspreadsheet_wp/vendor/autoload.php
[2025-05-29 11:23:42] PhpSpreadsheet loaded from: C:\Users\Lenovo\Local Sites\plnext333\app\public\wp-content\plugins\phpspreadsheet_wp/vendor/autoload.php
[2025-05-29 12:25:28] PhpSpreadsheet loaded from: C:\Users\Lenovo\Local Sites\plnext333\app\public\wp-content\plugins\phpspreadsheet_wp/vendor/autoload.php
[2025-05-29 12:25:47] PhpSpreadsheet loaded from: C:\Users\Lenovo\Local Sites\plnext333\app\public\wp-content\plugins\phpspreadsheet_wp/vendor/autoload.php
[2025-05-29 12:26:08] Downloading PhpSpreadsheet from: https://api.github.com/repos/PHPOffice/PhpSpreadsheet/zipball/4.3.1
[2025-05-29 12:26:08] Download failed with HTTP code: 415
[2025-05-29 12:26:12] PhpSpreadsheet loaded from: C:\Users\Lenovo\Local Sites\plnext333\app\public\wp-content\plugins\phpspreadsheet_wp/vendor/autoload.php
[2025-05-29 12:26:28] PhpSpreadsheet loaded from: C:\Users\Lenovo\Local Sites\plnext333\app\public\wp-content\plugins\phpspreadsheet_wp/vendor/autoload.php
[2025-05-29 12:26:43] PhpSpreadsheet loaded from: C:\Users\Lenovo\Local Sites\plnext333\app\public\wp-content\plugins\phpspreadsheet_wp/vendor/autoload.php
[2025-05-29 12:26:48] PhpSpreadsheet loaded from: C:\Users\Lenovo\Local Sites\plnext333\app\public\wp-content\plugins\phpspreadsheet_wp/vendor/autoload.php
[2025-05-29 12:27:00] PhpSpreadsheet loaded from: C:\Users\Lenovo\Local Sites\plnext333\app\public\wp-content\plugins\phpspreadsheet_wp/vendor/autoload.php
[2025-05-29 12:27:08] PhpSpreadsheet loaded from: C:\Users\Lenovo\Local Sites\plnext333\app\public\wp-content\plugins\phpspreadsheet_wp/vendor/autoload.php
[2025-05-29 12:27:08] PhpSpreadsheet loaded from: C:\Users\Lenovo\Local Sites\plnext333\app\public\wp-content\plugins\phpspreadsheet_wp/vendor/autoload.php
[2025-05-29 12:27:12] PhpSpreadsheet loaded from: C:\Users\Lenovo\Local Sites\plnext333\app\public\wp-content\plugins\phpspreadsheet_wp/vendor/autoload.php
[2025-05-29 12:27:13] PhpSpreadsheet loaded from: C:\Users\Lenovo\Local Sites\plnext333\app\public\wp-content\plugins\phpspreadsheet_wp/vendor/autoload.php
[2025-05-29 12:27:17] PhpSpreadsheet loaded from: C:\Users\Lenovo\Local Sites\plnext333\app\public\wp-content\plugins\phpspreadsheet_wp/vendor/autoload.php
[2025-05-29 12:27:22] PhpSpreadsheet loaded from: C:\Users\Lenovo\Local Sites\plnext333\app\public\wp-content\plugins\phpspreadsheet_wp/vendor/autoload.php
[2025-05-30 10:47:26] PhpSpreadsheet loaded from: C:\Users\Lenovo\Local Sites\plnext333\app\public\wp-content\plugins\phpspreadsheet_wp/vendor/autoload.php
[2025-05-30 10:47:30] PhpSpreadsheet loaded from: C:\Users\Lenovo\Local Sites\plnext333\app\public\wp-content\plugins\phpspreadsheet_wp/vendor/autoload.php
[2025-05-30 10:47:33] PhpSpreadsheet loaded from: C:\Users\Lenovo\Local Sites\plnext333\app\public\wp-content\plugins\phpspreadsheet_wp/vendor/autoload.php
[2025-05-30 10:47:35] PhpSpreadsheet loaded from: C:\Users\Lenovo\Local Sites\plnext333\app\public\wp-content\plugins\phpspreadsheet_wp/vendor/autoload.php
[2025-05-30 10:47:43] PhpSpreadsheet loaded from: C:\Users\Lenovo\Local Sites\plnext333\app\public\wp-content\plugins\phpspreadsheet_wp/vendor/autoload.php
[2025-05-30 10:48:39] PhpSpreadsheet loaded from: C:\Users\Lenovo\Local Sites\plnext333\app\public\wp-content\plugins\phpspreadsheet_wp/vendor/autoload.php
[2025-05-30 10:48:44] PhpSpreadsheet loaded from: C:\Users\Lenovo\Local Sites\plnext333\app\public\wp-content\plugins\phpspreadsheet_wp/vendor/autoload.php
[2025-05-30 10:49:36] PhpSpreadsheet loaded from: C:\Users\Lenovo\Local Sites\plnext333\app\public\wp-content\plugins\phpspreadsheet_wp/vendor/autoload.php
[2025-05-30 10:49:49] PhpSpreadsheet loaded from: C:\Users\Lenovo\Local Sites\plnext333\app\public\wp-content\plugins\phpspreadsheet_wp/vendor/autoload.php
[2025-05-30 10:51:52] Downloading PhpSpreadsheet from: https://api.github.com/repos/PHPOffice/PhpSpreadsheet/zipball/4.3.1
[2025-05-30 10:51:53] Download failed with HTTP code: 415
[2025-05-30 10:51:56] PhpSpreadsheet loaded from: C:\Users\Lenovo\Local Sites\plnext333\app\public\wp-content\plugins\phpspreadsheet_wp/vendor/autoload.php
[2025-05-30 10:51:58] PhpSpreadsheet loaded from: C:\Users\Lenovo\Local Sites\plnext333\app\public\wp-content\plugins\phpspreadsheet_wp/vendor/autoload.php
[2025-05-30 10:52:23] PhpSpreadsheet loaded from: C:\Users\Lenovo\Local Sites\plnext333\app\public\wp-content\plugins\phpspreadsheet_wp/vendor/autoload.php
[2025-05-30 10:52:41] PhpSpreadsheet loaded from: C:\Users\Lenovo\Local Sites\plnext333\app\public\wp-content\plugins\phpspreadsheet_wp/vendor/autoload.php
[2025-05-30 10:52:49] PhpSpreadsheet loaded from: C:\Users\Lenovo\Local Sites\plnext333\app\public\wp-content\plugins\phpspreadsheet_wp/vendor/autoload.php
[2025-05-30 10:52:49] PhpSpreadsheet loaded from: C:\Users\Lenovo\Local Sites\plnext333\app\public\wp-content\plugins\phpspreadsheet_wp/vendor/autoload.php
[2025-05-30 10:52:54] PhpSpreadsheet loaded from: C:\Users\Lenovo\Local Sites\plnext333\app\public\wp-content\plugins\phpspreadsheet_wp/vendor/autoload.php
[2025-05-30 10:52:55] PhpSpreadsheet loaded from: C:\Users\Lenovo\Local Sites\plnext333\app\public\wp-content\plugins\phpspreadsheet_wp/vendor/autoload.php
[2025-05-30 10:52:59] PhpSpreadsheet loaded from: C:\Users\Lenovo\Local Sites\plnext333\app\public\wp-content\plugins\phpspreadsheet_wp/vendor/autoload.php
[2025-05-30 10:53:01] PhpSpreadsheet loaded from: C:\Users\Lenovo\Local Sites\plnext333\app\public\wp-content\plugins\phpspreadsheet_wp/vendor/autoload.php
[2025-05-30 10:53:07] PhpSpreadsheet loaded from: C:\Users\Lenovo\Local Sites\plnext333\app\public\wp-content\plugins\phpspreadsheet_wp/vendor/autoload.php
[2025-05-30 10:53:10] PhpSpreadsheet loaded from: C:\Users\Lenovo\Local Sites\plnext333\app\public\wp-content\plugins\phpspreadsheet_wp/vendor/autoload.php
[2025-05-30 10:53:17] PhpSpreadsheet loaded from: C:\Users\Lenovo\Local Sites\plnext333\app\public\wp-content\plugins\phpspreadsheet_wp/vendor/autoload.php
[2025-05-30 10:53:23] PhpSpreadsheet loaded from: C:\Users\Lenovo\Local Sites\plnext333\app\public\wp-content\plugins\phpspreadsheet_wp/vendor/autoload.php
[2025-05-30 10:53:28] PhpSpreadsheet loaded from: C:\Users\Lenovo\Local Sites\plnext333\app\public\wp-content\plugins\phpspreadsheet_wp/vendor/autoload.php
[2025-05-30 13:48:27] PhpSpreadsheet loaded from: C:\Users\Lenovo\Local Sites\plnext333\app\public\wp-content\plugins\phpspreadsheet_wp/vendor/autoload.php
[2025-05-30 13:48:42] PhpSpreadsheet loaded from: C:\Users\Lenovo\Local Sites\plnext333\app\public\wp-content\plugins\phpspreadsheet_wp/vendor/autoload.php
[2025-05-30 13:48:56] PhpSpreadsheet loaded from: C:\Users\Lenovo\Local Sites\plnext333\app\public\wp-content\plugins\phpspreadsheet_wp/vendor/autoload.php
[2025-05-30 13:49:13] Downloading PhpSpreadsheet from: https://api.github.com/repos/PHPOffice/PhpSpreadsheet/zipball/4.3.1
[2025-05-30 13:49:14] Download failed with HTTP code: 415
[2025-05-30 13:49:18] PhpSpreadsheet loaded from: C:\Users\Lenovo\Local Sites\plnext333\app\public\wp-content\plugins\phpspreadsheet_wp/vendor/autoload.php
[2025-05-31 04:34:03] Downloading PhpSpreadsheet from: https://api.github.com/repos/PHPOffice/PhpSpreadsheet/zipball/4.3.1
[2025-05-31 04:34:03] Download failed with HTTP code: 415
[2025-05-31 04:34:07] PhpSpreadsheet loaded from: C:\Users\Lenovo\Local Sites\plnext333\app\public\wp-content\plugins\phpxlxport/vendor/autoload.php
[2025-05-31 04:34:22] PhpSpreadsheet loaded from: C:\Users\Lenovo\Local Sites\plnext333\app\public\wp-content\plugins\phpxlxport/vendor/autoload.php
[2025-05-31 04:34:34] PhpSpreadsheet loaded from: C:\Users\Lenovo\Local Sites\plnext333\app\public\wp-content\plugins\phpxlxport/vendor/autoload.php
[2025-05-31 04:34:34] PhpSpreadsheet loaded from: C:\Users\Lenovo\Local Sites\plnext333\app\public\wp-content\plugins\phpxlxport/vendor/autoload.php
[2025-05-31 04:34:39] PhpSpreadsheet loaded from: C:\Users\Lenovo\Local Sites\plnext333\app\public\wp-content\plugins\phpxlxport/vendor/autoload.php
[2025-05-31 04:34:45] PhpSpreadsheet loaded from: C:\Users\Lenovo\Local Sites\plnext333\app\public\wp-content\plugins\phpxlxport/vendor/autoload.php
[2025-05-31 04:34:45] PhpSpreadsheet loaded from: C:\Users\Lenovo\Local Sites\plnext333\app\public\wp-content\plugins\phpxlxport/vendor/autoload.php
[2025-05-31 04:34:52] PhpSpreadsheet loaded from: C:\Users\Lenovo\Local Sites\plnext333\app\public\wp-content\plugins\phpxlxport/vendor/autoload.php
